<?xml version="1.0" encoding="UTF-8"?>
<testsuite xmlns:xsi="http://www.w3.org/2001/XMLSchema-instance" xsi:noNamespaceSchemaLocation="https://maven.apache.org/surefire/maven-surefire-plugin/xsd/surefire-test-report-3.0.xsd" version="3.0" name="BrokerActorTests" time="2.64" tests="1" errors="0" skipped="0" failures="0">
  <properties>
    <property name="gopherProxySet" value="false"/>
    <property name="awt.toolkit" value="sun.lwawt.macosx.LWCToolkit"/>
    <property name="file.encoding.pkg" value="sun.io"/>
    <property name="java.specification.version" value="1.8"/>
    <property name="sun.cpu.isalist" value=""/>
    <property name="sun.jnu.encoding" value="UTF-8"/>
    <property name="java.class.path" value="/Users/dmallon/Desktop/UCD/Distributed_Systems/Lab_06/lifeco-akka/task3/broker/target/test-classes:/Users/dmallon/Desktop/UCD/Distributed_Systems/Lab_06/lifeco-akka/task3/broker/target/classes:/Users/dmallon/.m2/repository/lifeco-acca/core/0.0.1/core-0.0.1.jar:/Users/dmallon/.m2/repository/com/typesafe/akka/akka-actor_2.12/2.6.20/akka-actor_2.12-2.6.20.jar:/Users/dmallon/.m2/repository/org/scala-lang/scala-library/2.12.16/scala-library-2.12.16.jar:/Users/dmallon/.m2/repository/com/typesafe/config/1.4.2/config-1.4.2.jar:/Users/dmallon/.m2/repository/org/scala-lang/modules/scala-java8-compat_2.12/0.8.0/scala-java8-compat_2.12-0.8.0.jar:/Users/dmallon/.m2/repository/com/typesafe/akka/akka-testkit_2.12/2.6.20/akka-testkit_2.12-2.6.20.jar:/Users/dmallon/.m2/repository/com/typesafe/akka/akka-stream_2.12/2.6.20/akka-stream_2.12-2.6.20.jar:/Users/dmallon/.m2/repository/com/typesafe/akka/akka-protobuf-v3_2.12/2.6.20/akka-protobuf-v3_2.12-2.6.20.jar:/Users/dmallon/.m2/repository/org/reactivestreams/reactive-streams/1.0.3/reactive-streams-1.0.3.jar:/Users/dmallon/.m2/repository/com/typesafe/ssl-config-core_2.12/0.4.3/ssl-config-core_2.12-0.4.3.jar:/Users/dmallon/.m2/repository/org/scala-lang/modules/scala-parser-combinators_2.12/1.1.2/scala-parser-combinators_2.12-1.1.2.jar:/Users/dmallon/.m2/repository/junit/junit/4.12/junit-4.12.jar:/Users/dmallon/.m2/repository/org/hamcrest/hamcrest-core/1.3/hamcrest-core-1.3.jar:"/>
    <property name="java.vm.vendor" value="Oracle Corporation"/>
    <property name="sun.arch.data.model" value="64"/>
    <property name="java.vendor.url" value="http://java.oracle.com/"/>
    <property name="user.timezone" value=""/>
    <property name="user.country.format" value="IE"/>
    <property name="java.vm.specification.version" value="1.8"/>
    <property name="os.name" value="Mac OS X"/>
    <property name="user.country" value="GB"/>
    <property name="sun.java.launcher" value="SUN_STANDARD"/>
    <property name="sun.boot.library.path" value="/Library/Java/JavaVirtualMachines/jdk-1.8.jdk/Contents/Home/jre/lib"/>
    <property name="sun.java.command" value="/Users/dmallon/Desktop/UCD/Distributed_Systems/Lab_06/lifeco-akka/task3/broker/target/surefire/surefirebooter-20231109112256782_3.jar /Users/dmallon/Desktop/UCD/Distributed_Systems/Lab_06/lifeco-akka/task3/broker/target/surefire 2023-11-09T11-22-56_603-jvmRun1 surefire-20231109112256782_1tmp surefire_0-20231109112256782_2tmp"/>
    <property name="surefire.test.class.path" value="/Users/dmallon/Desktop/UCD/Distributed_Systems/Lab_06/lifeco-akka/task3/broker/target/test-classes:/Users/dmallon/Desktop/UCD/Distributed_Systems/Lab_06/lifeco-akka/task3/broker/target/classes:/Users/dmallon/.m2/repository/lifeco-acca/core/0.0.1/core-0.0.1.jar:/Users/dmallon/.m2/repository/com/typesafe/akka/akka-actor_2.12/2.6.20/akka-actor_2.12-2.6.20.jar:/Users/dmallon/.m2/repository/org/scala-lang/scala-library/2.12.16/scala-library-2.12.16.jar:/Users/dmallon/.m2/repository/com/typesafe/config/1.4.2/config-1.4.2.jar:/Users/dmallon/.m2/repository/org/scala-lang/modules/scala-java8-compat_2.12/0.8.0/scala-java8-compat_2.12-0.8.0.jar:/Users/dmallon/.m2/repository/com/typesafe/akka/akka-testkit_2.12/2.6.20/akka-testkit_2.12-2.6.20.jar:/Users/dmallon/.m2/repository/com/typesafe/akka/akka-stream_2.12/2.6.20/akka-stream_2.12-2.6.20.jar:/Users/dmallon/.m2/repository/com/typesafe/akka/akka-protobuf-v3_2.12/2.6.20/akka-protobuf-v3_2.12-2.6.20.jar:/Users/dmallon/.m2/repository/org/reactivestreams/reactive-streams/1.0.3/reactive-streams-1.0.3.jar:/Users/dmallon/.m2/repository/com/typesafe/ssl-config-core_2.12/0.4.3/ssl-config-core_2.12-0.4.3.jar:/Users/dmallon/.m2/repository/org/scala-lang/modules/scala-parser-combinators_2.12/1.1.2/scala-parser-combinators_2.12-1.1.2.jar:/Users/dmallon/.m2/repository/junit/junit/4.12/junit-4.12.jar:/Users/dmallon/.m2/repository/org/hamcrest/hamcrest-core/1.3/hamcrest-core-1.3.jar:"/>
    <property name="sun.cpu.endian" value="little"/>
    <property name="user.home" value="/Users/dmallon"/>
    <property name="user.language" value="en"/>
    <property name="java.specification.vendor" value="Oracle Corporation"/>
    <property name="java.home" value="/Library/Java/JavaVirtualMachines/jdk-1.8.jdk/Contents/Home/jre"/>
    <property name="basedir" value="/Users/dmallon/Desktop/UCD/Distributed_Systems/Lab_06/lifeco-akka/task3/broker"/>
    <property name="file.separator" value="/"/>
    <property name="line.separator" value="&#10;"/>
    <property name="java.vm.specification.vendor" value="Oracle Corporation"/>
    <property name="java.specification.name" value="Java Platform API Specification"/>
    <property name="java.awt.graphicsenv" value="sun.awt.CGraphicsEnvironment"/>
    <property name="surefire.real.class.path" value="/Users/dmallon/Desktop/UCD/Distributed_Systems/Lab_06/lifeco-akka/task3/broker/target/surefire/surefirebooter-20231109112256782_3.jar"/>
    <property name="sun.boot.class.path" value="/Library/Java/JavaVirtualMachines/jdk-1.8.jdk/Contents/Home/jre/lib/resources.jar:/Library/Java/JavaVirtualMachines/jdk-1.8.jdk/Contents/Home/jre/lib/rt.jar:/Library/Java/JavaVirtualMachines/jdk-1.8.jdk/Contents/Home/jre/lib/jsse.jar:/Library/Java/JavaVirtualMachines/jdk-1.8.jdk/Contents/Home/jre/lib/jce.jar:/Library/Java/JavaVirtualMachines/jdk-1.8.jdk/Contents/Home/jre/lib/charsets.jar:/Library/Java/JavaVirtualMachines/jdk-1.8.jdk/Contents/Home/jre/lib/jfr.jar:/Library/Java/JavaVirtualMachines/jdk-1.8.jdk/Contents/Home/jre/classes"/>
    <property name="sun.management.compiler" value="HotSpot 64-Bit Tiered Compilers"/>
    <property name="java.runtime.version" value="1.8.0_381-b09"/>
    <property name="user.name" value="dmallon"/>
    <property name="path.separator" value=":"/>
    <property name="os.version" value="14.0"/>
    <property name="java.endorsed.dirs" value="/Library/Java/JavaVirtualMachines/jdk-1.8.jdk/Contents/Home/jre/lib/endorsed"/>
    <property name="java.runtime.name" value="Java(TM) SE Runtime Environment"/>
    <property name="file.encoding" value="UTF-8"/>
    <property name="java.vm.name" value="Java HotSpot(TM) 64-Bit Server VM"/>
    <property name="localRepository" value="/Users/dmallon/.m2/repository"/>
    <property name="java.vendor.url.bug" value="http://bugreport.sun.com/bugreport/"/>
    <property name="java.io.tmpdir" value="/var/folders/2c/3d7wm2j527947fcpmnzwmfnr0000gn/T/"/>
    <property name="java.version" value="1.8.0_381"/>
    <property name="user.dir" value="/Users/dmallon/Desktop/UCD/Distributed_Systems/Lab_06/lifeco-akka/task3/broker"/>
    <property name="os.arch" value="aarch64"/>
    <property name="java.vm.specification.name" value="Java Virtual Machine Specification"/>
    <property name="java.awt.printerjob" value="sun.lwawt.macosx.CPrinterJob"/>
    <property name="sun.os.patch.level" value="unknown"/>
    <property name="java.library.path" value="/Users/dmallon/Library/Java/Extensions:/Library/Java/Extensions:/Network/Library/Java/Extensions:/System/Library/Java/Extensions:/usr/lib/java:."/>
    <property name="java.vm.info" value="mixed mode"/>
    <property name="java.vendor" value="Oracle Corporation"/>
    <property name="java.vm.version" value="25.381-b09"/>
    <property name="java.specification.maintenance.version" value="5"/>
    <property name="java.ext.dirs" value="/Users/dmallon/Library/Java/Extensions:/Library/Java/JavaVirtualMachines/jdk-1.8.jdk/Contents/Home/jre/lib/ext:/Library/Java/Extensions:/Network/Library/Java/Extensions:/System/Library/Java/Extensions:/usr/lib/java"/>
    <property name="sun.io.unicode.encoding" value="UnicodeBig"/>
    <property name="java.class.version" value="52.0"/>
  </properties>
  <testcase name="brokerTest" classname="BrokerActorTests" time="2.049">
    <system-out><![CDATA[BrokerActor: createReceive
BrokerActor: onProcessClientMessage
[INFO] [11/09/2023 11:22:57.474] [default-akka.actor.default-dispatcher-5] [akka://default/user/$a] Received ClientMessage: service.message.ClientMessage@4937634a
[INFO] [11/09/2023 11:22:57.475] [default-akka.actor.default-dispatcher-5] [akka://default/user/$a] Created OfferMessage for token 1: service.message.OfferMessage@1a9cff8d
BrokerActor: onTimeoutMessage
BrokerActor: Sending OfferMessage to Client
[INFO] [11/09/2023 11:22:59.492] [default-akka.actor.default-dispatcher-5] [akka://default/user/$a] Timeout occurred for token 1
]]></system-out>
  </testcase>
</testsuite>