<?xml version="1.0" encoding="UTF-8"?>
<testsuite xmlns:xsi="http://www.w3.org/2001/XMLSchema-instance" xsi:noNamespaceSchemaLocation="https://maven.apache.org/surefire/maven-surefire-plugin/xsd/surefire-test-report-3.0.xsd" version="3.0" name="QuotationServiceUnitTest" time="1.184" tests="1" errors="0" skipped="0" failures="0">
  <properties>
    <property name="gopherProxySet" value="false"/>
    <property name="awt.toolkit" value="sun.lwawt.macosx.LWCToolkit"/>
    <property name="file.encoding.pkg" value="sun.io"/>
    <property name="java.specification.version" value="1.8"/>
    <property name="sun.cpu.isalist" value=""/>
    <property name="sun.jnu.encoding" value="UTF-8"/>
    <property name="java.class.path" value="/Users/dmallon/Desktop/UCD/Distributed_Systems/Lab_03/quoco-ws/task5/girlsallowed/target/test-classes:/Users/dmallon/Desktop/UCD/Distributed_Systems/Lab_03/quoco-ws/task5/girlsallowed/target/classes:/Users/dmallon/.m2/repository/junit/junit/4.12/junit-4.12.jar:/Users/dmallon/.m2/repository/org/hamcrest/hamcrest-core/1.3/hamcrest-core-1.3.jar:/Users/dmallon/Desktop/UCD/Distributed_Systems/Lab_03/quoco-ws/task5/core/target/core-0.0.1.jar:/Users/dmallon/.m2/repository/org/glassfish/metro/webservices-rt/2.4.4/webservices-rt-2.4.4.jar:/Users/dmallon/.m2/repository/org/glassfish/metro/webservices-api/2.4.4/webservices-api-2.4.4.jar:/Users/dmallon/.m2/repository/org/apache/tomcat/tomcat-catalina/9.0.38/tomcat-catalina-9.0.38.jar:/Users/dmallon/.m2/repository/org/apache/tomcat/tomcat-servlet-api/9.0.38/tomcat-servlet-api-9.0.38.jar:/Users/dmallon/.m2/repository/org/apache/tomcat/tomcat-jsp-api/9.0.38/tomcat-jsp-api-9.0.38.jar:/Users/dmallon/.m2/repository/org/apache/tomcat/tomcat-el-api/9.0.38/tomcat-el-api-9.0.38.jar:/Users/dmallon/.m2/repository/org/apache/tomcat/tomcat-juli/9.0.38/tomcat-juli-9.0.38.jar:/Users/dmallon/.m2/repository/org/apache/tomcat/tomcat-annotations-api/9.0.38/tomcat-annotations-api-9.0.38.jar:/Users/dmallon/.m2/repository/org/apache/tomcat/tomcat-api/9.0.38/tomcat-api-9.0.38.jar:/Users/dmallon/.m2/repository/org/apache/tomcat/tomcat-jni/9.0.38/tomcat-jni-9.0.38.jar:/Users/dmallon/.m2/repository/org/apache/tomcat/tomcat-coyote/9.0.38/tomcat-coyote-9.0.38.jar:/Users/dmallon/.m2/repository/org/apache/tomcat/tomcat-util/9.0.38/tomcat-util-9.0.38.jar:/Users/dmallon/.m2/repository/org/apache/tomcat/tomcat-util-scan/9.0.38/tomcat-util-scan-9.0.38.jar:/Users/dmallon/.m2/repository/org/apache/tomcat/tomcat-jaspic-api/9.0.38/tomcat-jaspic-api-9.0.38.jar:/Users/dmallon/.m2/repository/jakarta/xml/ws/jakarta.xml.ws-api/2.3.3/jakarta.xml.ws-api-2.3.3.jar:/Users/dmallon/.m2/repository/javax/annotation/javax.annotation-api/1.3.2/javax.annotation-api-1.3.2.jar:/Users/dmallon/.m2/repository/com/sun/xml/ws/rt/2.2.10/rt-2.2.10.jar:/Users/dmallon/.m2/repository/com/sun/xml/ws/policy/2.4/policy-2.4.jar:/Users/dmallon/.m2/repository/com/sun/xml/bind/jaxb-core/2.2.10-b140802.1033/jaxb-core-2.2.10-b140802.1033.jar:/Users/dmallon/.m2/repository/com/sun/xml/bind/jaxb-impl/2.2.10-b140802.1033/jaxb-impl-2.2.10-b140802.1033.jar:/Users/dmallon/.m2/repository/org/glassfish/gmbal/gmbal-api-only/3.1.0-b001/gmbal-api-only-3.1.0-b001.jar:/Users/dmallon/.m2/repository/org/jvnet/staxex/stax-ex/1.7.7/stax-ex-1.7.7.jar:/Users/dmallon/.m2/repository/com/sun/xml/stream/buffer/streambuffer/1.5.3/streambuffer-1.5.3.jar:/Users/dmallon/.m2/repository/org/jvnet/mimepull/mimepull/1.9.4/mimepull-1.9.4.jar:/Users/dmallon/.m2/repository/org/codehaus/woodstox/woodstox-core-asl/4.2.0/woodstox-core-asl-4.2.0.jar:/Users/dmallon/.m2/repository/org/codehaus/woodstox/stax2-api/3.1.1/stax2-api-3.1.1.jar:/Users/dmallon/.m2/repository/com/sun/org/apache/xml/internal/resolver/20050927/resolver-20050927.jar:/Users/dmallon/.m2/repository/javax/xml/ws/jaxws-api/2.2.11/jaxws-api-2.2.11.jar:/Users/dmallon/.m2/repository/javax/xml/bind/jaxb-api/2.2.12-b140109.1041/jaxb-api-2.2.12-b140109.1041.jar:/Users/dmallon/.m2/repository/javax/xml/soap/javax.xml.soap-api/1.3.7/javax.xml.soap-api-1.3.7.jar:/Users/dmallon/.m2/repository/javax/jws/jsr181-api/1.0-MR1/jsr181-api-1.0-MR1.jar:/Users/dmallon/.m2/repository/com/sun/xml/ws/jaxws-rt/2.3.3/jaxws-rt-2.3.3.jar:/Users/dmallon/.m2/repository/org/glassfish/ha/ha-api/3.1.12/ha-api-3.1.12.jar:/Users/dmallon/.m2/repository/org/glassfish/external/management-api/3.2.2/management-api-3.2.2.jar:/Users/dmallon/.m2/repository/org/glassfish/gmbal/gmbal/4.0.1/gmbal-4.0.1.jar:/Users/dmallon/.m2/repository/org/glassfish/pfl/pfl-tf/4.1.0/pfl-tf-4.1.0.jar:/Users/dmallon/.m2/repository/org/glassfish/pfl/pfl-basic/4.1.0/pfl-basic-4.1.0.jar:/Users/dmallon/.m2/repository/com/sun/xml/fastinfoset/FastInfoset/1.2.18/FastInfoset-1.2.18.jar:/Users/dmallon/.m2/repository/com/sun/activation/jakarta.activation/1.2.2/jakarta.activation-1.2.2.jar:/Users/dmallon/.m2/repository/com/sun/xml/messaging/saaj/saaj-impl/1.5.2/saaj-impl-1.5.2.jar:/Users/dmallon/.m2/repository/com/fasterxml/woodstox/woodstox-core/5.1.0/woodstox-core-5.1.0.jar:/Users/dmallon/.m2/repository/jakarta/xml/bind/jakarta.xml.bind-api/2.3.3/jakarta.xml.bind-api-2.3.3.jar:/Users/dmallon/.m2/repository/jakarta/xml/soap/jakarta.xml.soap-api/1.4.2/jakarta.xml.soap-api-1.4.2.jar:/Users/dmallon/.m2/repository/jakarta/jws/jakarta.jws-api/2.1.0/jakarta.jws-api-2.1.0.jar:/Users/dmallon/.m2/repository/jakarta/annotation/jakarta.annotation-api/1.3.5/jakarta.annotation-api-1.3.5.jar:/Users/dmallon/.m2/repository/org/jmdns/jmdns/3.5.4/jmdns-3.5.4.jar:/Users/dmallon/.m2/repository/org/slf4j/slf4j-api/1.7.25/slf4j-api-1.7.25.jar:/Users/dmallon/.m2/repository/ch/qos/logback/logback-classic/1.2.6/logback-classic-1.2.6.jar:/Users/dmallon/.m2/repository/ch/qos/logback/logback-core/1.2.6/logback-core-1.2.6.jar:"/>
    <property name="java.vm.vendor" value="Oracle Corporation"/>
    <property name="sun.arch.data.model" value="64"/>
    <property name="java.vendor.url" value="http://java.oracle.com/"/>
    <property name="user.timezone" value=""/>
    <property name="user.country.format" value="IE"/>
    <property name="java.vm.specification.version" value="1.8"/>
    <property name="os.name" value="Mac OS X"/>
    <property name="user.country" value="GB"/>
    <property name="sun.java.launcher" value="SUN_STANDARD"/>
    <property name="sun.boot.library.path" value="/Library/Java/JavaVirtualMachines/jdk-1.8.jdk/Contents/Home/jre/lib"/>
    <property name="sun.java.command" value="/Users/dmallon/Desktop/UCD/Distributed_Systems/Lab_03/quoco-ws/task5/girlsallowed/target/surefire/surefirebooter-20231010121106947_13.jar /Users/dmallon/Desktop/UCD/Distributed_Systems/Lab_03/quoco-ws/task5/girlsallowed/target/surefire 2023-10-10T12-10-58_837-jvmRun1 surefire-20231010121106947_11tmp surefire_2-20231010121106947_12tmp"/>
    <property name="surefire.test.class.path" value="/Users/dmallon/Desktop/UCD/Distributed_Systems/Lab_03/quoco-ws/task5/girlsallowed/target/test-classes:/Users/dmallon/Desktop/UCD/Distributed_Systems/Lab_03/quoco-ws/task5/girlsallowed/target/classes:/Users/dmallon/.m2/repository/junit/junit/4.12/junit-4.12.jar:/Users/dmallon/.m2/repository/org/hamcrest/hamcrest-core/1.3/hamcrest-core-1.3.jar:/Users/dmallon/Desktop/UCD/Distributed_Systems/Lab_03/quoco-ws/task5/core/target/core-0.0.1.jar:/Users/dmallon/.m2/repository/org/glassfish/metro/webservices-rt/2.4.4/webservices-rt-2.4.4.jar:/Users/dmallon/.m2/repository/org/glassfish/metro/webservices-api/2.4.4/webservices-api-2.4.4.jar:/Users/dmallon/.m2/repository/org/apache/tomcat/tomcat-catalina/9.0.38/tomcat-catalina-9.0.38.jar:/Users/dmallon/.m2/repository/org/apache/tomcat/tomcat-servlet-api/9.0.38/tomcat-servlet-api-9.0.38.jar:/Users/dmallon/.m2/repository/org/apache/tomcat/tomcat-jsp-api/9.0.38/tomcat-jsp-api-9.0.38.jar:/Users/dmallon/.m2/repository/org/apache/tomcat/tomcat-el-api/9.0.38/tomcat-el-api-9.0.38.jar:/Users/dmallon/.m2/repository/org/apache/tomcat/tomcat-juli/9.0.38/tomcat-juli-9.0.38.jar:/Users/dmallon/.m2/repository/org/apache/tomcat/tomcat-annotations-api/9.0.38/tomcat-annotations-api-9.0.38.jar:/Users/dmallon/.m2/repository/org/apache/tomcat/tomcat-api/9.0.38/tomcat-api-9.0.38.jar:/Users/dmallon/.m2/repository/org/apache/tomcat/tomcat-jni/9.0.38/tomcat-jni-9.0.38.jar:/Users/dmallon/.m2/repository/org/apache/tomcat/tomcat-coyote/9.0.38/tomcat-coyote-9.0.38.jar:/Users/dmallon/.m2/repository/org/apache/tomcat/tomcat-util/9.0.38/tomcat-util-9.0.38.jar:/Users/dmallon/.m2/repository/org/apache/tomcat/tomcat-util-scan/9.0.38/tomcat-util-scan-9.0.38.jar:/Users/dmallon/.m2/repository/org/apache/tomcat/tomcat-jaspic-api/9.0.38/tomcat-jaspic-api-9.0.38.jar:/Users/dmallon/.m2/repository/jakarta/xml/ws/jakarta.xml.ws-api/2.3.3/jakarta.xml.ws-api-2.3.3.jar:/Users/dmallon/.m2/repository/javax/annotation/javax.annotation-api/1.3.2/javax.annotation-api-1.3.2.jar:/Users/dmallon/.m2/repository/com/sun/xml/ws/rt/2.2.10/rt-2.2.10.jar:/Users/dmallon/.m2/repository/com/sun/xml/ws/policy/2.4/policy-2.4.jar:/Users/dmallon/.m2/repository/com/sun/xml/bind/jaxb-core/2.2.10-b140802.1033/jaxb-core-2.2.10-b140802.1033.jar:/Users/dmallon/.m2/repository/com/sun/xml/bind/jaxb-impl/2.2.10-b140802.1033/jaxb-impl-2.2.10-b140802.1033.jar:/Users/dmallon/.m2/repository/org/glassfish/gmbal/gmbal-api-only/3.1.0-b001/gmbal-api-only-3.1.0-b001.jar:/Users/dmallon/.m2/repository/org/jvnet/staxex/stax-ex/1.7.7/stax-ex-1.7.7.jar:/Users/dmallon/.m2/repository/com/sun/xml/stream/buffer/streambuffer/1.5.3/streambuffer-1.5.3.jar:/Users/dmallon/.m2/repository/org/jvnet/mimepull/mimepull/1.9.4/mimepull-1.9.4.jar:/Users/dmallon/.m2/repository/org/codehaus/woodstox/woodstox-core-asl/4.2.0/woodstox-core-asl-4.2.0.jar:/Users/dmallon/.m2/repository/org/codehaus/woodstox/stax2-api/3.1.1/stax2-api-3.1.1.jar:/Users/dmallon/.m2/repository/com/sun/org/apache/xml/internal/resolver/20050927/resolver-20050927.jar:/Users/dmallon/.m2/repository/javax/xml/ws/jaxws-api/2.2.11/jaxws-api-2.2.11.jar:/Users/dmallon/.m2/repository/javax/xml/bind/jaxb-api/2.2.12-b140109.1041/jaxb-api-2.2.12-b140109.1041.jar:/Users/dmallon/.m2/repository/javax/xml/soap/javax.xml.soap-api/1.3.7/javax.xml.soap-api-1.3.7.jar:/Users/dmallon/.m2/repository/javax/jws/jsr181-api/1.0-MR1/jsr181-api-1.0-MR1.jar:/Users/dmallon/.m2/repository/com/sun/xml/ws/jaxws-rt/2.3.3/jaxws-rt-2.3.3.jar:/Users/dmallon/.m2/repository/org/glassfish/ha/ha-api/3.1.12/ha-api-3.1.12.jar:/Users/dmallon/.m2/repository/org/glassfish/external/management-api/3.2.2/management-api-3.2.2.jar:/Users/dmallon/.m2/repository/org/glassfish/gmbal/gmbal/4.0.1/gmbal-4.0.1.jar:/Users/dmallon/.m2/repository/org/glassfish/pfl/pfl-tf/4.1.0/pfl-tf-4.1.0.jar:/Users/dmallon/.m2/repository/org/glassfish/pfl/pfl-basic/4.1.0/pfl-basic-4.1.0.jar:/Users/dmallon/.m2/repository/com/sun/xml/fastinfoset/FastInfoset/1.2.18/FastInfoset-1.2.18.jar:/Users/dmallon/.m2/repository/com/sun/activation/jakarta.activation/1.2.2/jakarta.activation-1.2.2.jar:/Users/dmallon/.m2/repository/com/sun/xml/messaging/saaj/saaj-impl/1.5.2/saaj-impl-1.5.2.jar:/Users/dmallon/.m2/repository/com/fasterxml/woodstox/woodstox-core/5.1.0/woodstox-core-5.1.0.jar:/Users/dmallon/.m2/repository/jakarta/xml/bind/jakarta.xml.bind-api/2.3.3/jakarta.xml.bind-api-2.3.3.jar:/Users/dmallon/.m2/repository/jakarta/xml/soap/jakarta.xml.soap-api/1.4.2/jakarta.xml.soap-api-1.4.2.jar:/Users/dmallon/.m2/repository/jakarta/jws/jakarta.jws-api/2.1.0/jakarta.jws-api-2.1.0.jar:/Users/dmallon/.m2/repository/jakarta/annotation/jakarta.annotation-api/1.3.5/jakarta.annotation-api-1.3.5.jar:/Users/dmallon/.m2/repository/org/jmdns/jmdns/3.5.4/jmdns-3.5.4.jar:/Users/dmallon/.m2/repository/org/slf4j/slf4j-api/1.7.25/slf4j-api-1.7.25.jar:/Users/dmallon/.m2/repository/ch/qos/logback/logback-classic/1.2.6/logback-classic-1.2.6.jar:/Users/dmallon/.m2/repository/ch/qos/logback/logback-core/1.2.6/logback-core-1.2.6.jar:"/>
    <property name="sun.cpu.endian" value="little"/>
    <property name="user.home" value="/Users/dmallon"/>
    <property name="user.language" value="en"/>
    <property name="java.specification.vendor" value="Oracle Corporation"/>
    <property name="java.home" value="/Library/Java/JavaVirtualMachines/jdk-1.8.jdk/Contents/Home/jre"/>
    <property name="basedir" value="/Users/dmallon/Desktop/UCD/Distributed_Systems/Lab_03/quoco-ws/task5/girlsallowed"/>
    <property name="file.separator" value="/"/>
    <property name="line.separator" value="&#10;"/>
    <property name="java.vm.specification.vendor" value="Oracle Corporation"/>
    <property name="java.specification.name" value="Java Platform API Specification"/>
    <property name="java.awt.graphicsenv" value="sun.awt.CGraphicsEnvironment"/>
    <property name="surefire.real.class.path" value="/Users/dmallon/Desktop/UCD/Distributed_Systems/Lab_03/quoco-ws/task5/girlsallowed/target/surefire/surefirebooter-20231010121106947_13.jar"/>
    <property name="sun.boot.class.path" value="/Library/Java/JavaVirtualMachines/jdk-1.8.jdk/Contents/Home/jre/lib/resources.jar:/Library/Java/JavaVirtualMachines/jdk-1.8.jdk/Contents/Home/jre/lib/rt.jar:/Library/Java/JavaVirtualMachines/jdk-1.8.jdk/Contents/Home/jre/lib/jsse.jar:/Library/Java/JavaVirtualMachines/jdk-1.8.jdk/Contents/Home/jre/lib/jce.jar:/Library/Java/JavaVirtualMachines/jdk-1.8.jdk/Contents/Home/jre/lib/charsets.jar:/Library/Java/JavaVirtualMachines/jdk-1.8.jdk/Contents/Home/jre/lib/jfr.jar:/Library/Java/JavaVirtualMachines/jdk-1.8.jdk/Contents/Home/jre/classes"/>
    <property name="sun.management.compiler" value="HotSpot 64-Bit Tiered Compilers"/>
    <property name="java.runtime.version" value="1.8.0_381-b09"/>
    <property name="user.name" value="dmallon"/>
    <property name="path.separator" value=":"/>
    <property name="os.version" value="14.0"/>
    <property name="java.endorsed.dirs" value="/Library/Java/JavaVirtualMachines/jdk-1.8.jdk/Contents/Home/jre/lib/endorsed"/>
    <property name="java.runtime.name" value="Java(TM) SE Runtime Environment"/>
    <property name="file.encoding" value="UTF-8"/>
    <property name="java.vm.name" value="Java HotSpot(TM) 64-Bit Server VM"/>
    <property name="localRepository" value="/Users/dmallon/.m2/repository"/>
    <property name="java.vendor.url.bug" value="http://bugreport.sun.com/bugreport/"/>
    <property name="java.io.tmpdir" value="/var/folders/2c/3d7wm2j527947fcpmnzwmfnr0000gn/T/"/>
    <property name="java.version" value="1.8.0_381"/>
    <property name="user.dir" value="/Users/dmallon/Desktop/UCD/Distributed_Systems/Lab_03/quoco-ws/task5/girlsallowed"/>
    <property name="os.arch" value="aarch64"/>
    <property name="java.vm.specification.name" value="Java Virtual Machine Specification"/>
    <property name="java.awt.printerjob" value="sun.lwawt.macosx.CPrinterJob"/>
    <property name="sun.os.patch.level" value="unknown"/>
    <property name="java.library.path" value="/Users/dmallon/Library/Java/Extensions:/Library/Java/Extensions:/Network/Library/Java/Extensions:/System/Library/Java/Extensions:/usr/lib/java:."/>
    <property name="java.vm.info" value="mixed mode"/>
    <property name="java.vendor" value="Oracle Corporation"/>
    <property name="java.vm.version" value="25.381-b09"/>
    <property name="java.specification.maintenance.version" value="5"/>
    <property name="java.ext.dirs" value="/Users/dmallon/Library/Java/Extensions:/Library/Java/JavaVirtualMachines/jdk-1.8.jdk/Contents/Home/jre/lib/ext:/Library/Java/Extensions:/Network/Library/Java/Extensions:/System/Library/Java/Extensions:/usr/lib/java"/>
    <property name="sun.io.unicode.encoding" value="UnicodeBig"/>
    <property name="java.class.version" value="52.0"/>
  </properties>
  <testcase name="connectionTest" classname="QuotationServiceUnitTest" time="0.353">
    <system-out><![CDATA[Running Girls_connectionTest
Company: Girls Allowed Inc.
Reference: GA001000
]]></system-out>
    <system-err><![CDATA[Oct 10, 2023 12:11:07 PM com.sun.xml.ws.server.MonitorBase createRoot
INFO: Metro monitoring rootname successfully set to: com.sun.metro:pp=/,type=WSEndpoint,name=QuotationService-QuotationServicePort
]]></system-err>
  </testcase>
</testsuite>